2024-06-10 10:24:41,977 - __main__ - INFO - Past 24 Hours Weather Data
2024-06-10 10:24:41,978 - __main__ - INFO - Maximum Temp(oC) (Recorded on 09/06/24) 40.2
2024-06-10 10:24:41,978 - __main__ - INFO - Departure from Normal(oC) 4.7
2024-06-10 10:24:41,978 - __main__ - INFO - Minimum Temp (oC) (Recorded. on 10/06/24) 23.6
2024-06-10 10:24:41,978 - __main__ - INFO - Departure from Normal(oC) 0.4
2024-06-10 10:24:41,978 - __main__ - INFO - 24 Hours Rainfall (mm) (Recorded from 0830 hrs IST of yesterday to 0830 hrs IST of today) NIL
2024-06-10 10:24:41,978 - __main__ - INFO - Relative Humidity at 0830 hrs (%) 41
2024-06-10 10:24:41,978 - __main__ - INFO - Relative Humidity at 1730 hrs (%) (Recorded on 09/06/24) 20
2024-06-10 10:24:41,978 - __main__ - INFO - Todays Sunset (IST) 19:19
2024-06-10 10:24:41,978 - __main__ - INFO - Tomorrow's Sunrise (IST) 05:15
2024-06-10 10:24:41,978 - __main__ - INFO - Moonset (IST) 22:53
2024-06-10 10:24:41,978 - __main__ - INFO - Moonrise (IST) 08:33
2024-06-10 12:15:37,743 - __main__ - INFO - Past 24 Hours Weather Data
2024-06-10 12:15:37,743 - __main__ - INFO - Maximum Temp(oC) (Recorded on 09/06/24) 40.2
2024-06-10 12:15:37,743 - __main__ - INFO - Departure from Normal(oC) 4.7
2024-06-10 12:15:37,743 - __main__ - INFO - Minimum Temp (oC) (Recorded. on 10/06/24) 23.6
2024-06-10 12:15:37,743 - __main__ - INFO - Departure from Normal(oC) 0.4
2024-06-10 12:15:37,743 - __main__ - INFO - 24 Hours Rainfall (mm) (Recorded from 0830 hrs IST of yesterday to 0830 hrs IST of today) NIL
2024-06-10 12:15:37,744 - __main__ - INFO - Relative Humidity at 0830 hrs (%) 41
2024-06-10 12:15:37,744 - __main__ - INFO - Relative Humidity at 1730 hrs (%) (Recorded on 09/06/24) 20
2024-06-10 12:15:37,744 - __main__ - INFO - Todays Sunset (IST) 19:19
2024-06-10 12:15:37,744 - __main__ - INFO - Tomorrow's Sunrise (IST) 05:15
2024-06-10 12:15:37,744 - __main__ - INFO - Moonset (IST) 22:53
2024-06-10 12:15:37,744 - __main__ - INFO - Moonrise (IST) 08:33
